Flat profile:

Each sample counts as 0.01 seconds.
 no time accumulated

  %   cumulative   self              self     total           
 time   seconds   seconds    calls  Ts/call  Ts/call  name    
  0.00      0.00     0.00        4     0.00     0.00  swap(int*, int*)
  0.00      0.00     0.00        1     0.00     0.00  printArray(int*, int)
  0.00      0.00     0.00        1     0.00     0.00  selectionSort(int*, int)

			Call graph


granularity: each sample hit covers 4 byte(s) no time propagated

index % time    self  children    called     name
                                   1             main [3]
[3]      0.0    0.00    0.00       0+1       main [3]
                0.00    0.00       1/1           selectionSort(int*, int) [6]
                0.00    0.00       1/1           printArray(int*, int) [5]
                                   1             main [3]
-----------------------------------------------
                0.00    0.00       4/4           selectionSort(int*, int) [6]
[4]      0.0    0.00    0.00       4         swap(int*, int*) [4]
-----------------------------------------------
                0.00    0.00       1/1           main [3]
[5]      0.0    0.00    0.00       1         printArray(int*, int) [5]
-----------------------------------------------
                0.00    0.00       1/1           main [3]
[6]      0.0    0.00    0.00       1         selectionSort(int*, int) [6]
                0.00    0.00       4/4           swap(int*, int*) [4]
-----------------------------------------------

Index by function name

   [5] printArray(int*, int)   [6] selectionSort(int*, int) [4] swap(int*, int*)
